<?xml version="1.0" encoding="UTF-8" ?>
<testsuite errors="0" failures="0" hostname="samikbanerjee-p" name="org.TestCases.TestAddToCart" skipped="0" tests="1" time="18.524" timestamp="2015-08-10T02:20:22">
  <properties>
[...]
</properties>
  <testcase classname="org.TestCases.TestAddToCart" name="testAddToCart" time="18.191" />
  <system-out><![CDATA[19:20:41.023 [main] INFO  org.TestCases.TestAddToCart - Added to Cart
]]></system-out>
  <system-err><![CDATA[]]></system-err>
</testsuite>
